2025-04-30 21:31:27,754 - INFO - Processed ../articles\Activists_blame_policy_failures_over_climate_change_for_Nepal_Terai_s_water_cris.txt with detected language: en
2025-04-30 21:31:27,803 - INFO - Processed ../articles\Application_Open_for_a_Capacity_Building_and_Reporting_Opportunity_on_Climate_Ch.txt with detected language: en
2025-04-30 21:31:27,845 - INFO - Processed ../articles\A_desert_4_000m_in_the_sky__Nepal_s_health_workers_reach_some_of_the_world_s_mos.txt with detected language: en
2025-04-30 21:31:27,877 - INFO - Processed ../articles\A_village_in_Nepal_faces_the_wrath_of_climate_change___Asia_News_Network.txt with detected language: en
2025-04-30 21:31:27,887 - INFO - Processed ../articles\Children_and_Youth_at_the_Center_of_Nepal_s_Climate_Change_Agenda___radionepalon.txt with detected language: en
2025-04-30 21:31:27,917 - INFO - Processed ../articles\Climate_Change_Amplified_the_Effects_of_Extreme_Rainfall_in_Nepal___eos_org.txt with detected language: en
2025-04-30 21:31:27,969 - INFO - Processed ../articles\Climate_change_and_its_silent_impact_on_sexual_and_reproductive_health_in_Nepal_.txt with detected language: en
2025-04-30 21:31:27,990 - INFO - Processed ../articles\Climate_change_could_erase_Nepal_s_snow_leopards_in_three_decades__study_warns__.txt with detected language: en
2025-04-30 21:31:28,023 - INFO - Processed ../articles\Climate_change_intensifying_extreme_weather_in_Nepal__warns_ICIMOD___Down_To_Ear.txt with detected language: en
2025-04-30 21:31:28,048 - INFO - Processed ../articles\Climate_change_made_downpours_behind_deadly_Nepal_floods_10__more_intense___Stud.txt with detected language: en
2025-04-30 21:31:28,077 - INFO - Processed ../articles\Climate_Change_Made_Nepal_Floods_70__More_Likely__Experts_Say___Earth_Org.txt with detected language: en
2025-04-30 21:31:28,087 - INFO - Processed ../articles\Climate_change_sees_Nepalese_farmers_return_to_indigenous_crops___Ucanews.txt with detected language: en
2025-04-30 21:31:28,114 - INFO - Processed ../articles\Climate_crisis_stings_Nepal_s_honey_gatherers__threatens_tradition___Al_Jazeera.txt with detected language: en
2025-04-30 21:31:28,159 - INFO - Processed ../articles\Climate_migration_amplifies_gender_inequalities___Nepal___ReliefWeb.txt with detected language: en
2025-04-30 21:31:28,164 - INFO - Processed ../articles\Enhancing_the_resilience_of_food_production_systems_for_food_and_nutritional_sec.txt with detected language: en
2025-04-30 21:31:28,173 - INFO - Processed ../articles\Gender_Integration_in_Climate_Change_and_Agricultural_Policies__The_Case_of_Nepa.txt with detected language: en
2025-04-30 21:31:28,214 - INFO - Processed ../articles\How_climate_change_has_hit_Nepali_kitchens___Asia_News_Network.txt with detected language: en
2025-04-30 21:31:28,228 - INFO - Processed ../articles\Human_induced_climate_change_behind_recent_flooding_disasters_in_Nepal___Busines.txt with detected language: en
2025-04-30 21:31:28,238 - INFO - Processed ../articles\Hybrid_knowledge_and_climate_resilient_agriculture_practices_of_the_Tharu_in_the.txt with detected language: en
2025-04-30 21:31:28,244 - INFO - Processed ../articles\Indigenous_people_s_perception_of_indigenous_agricultural_knowledge_for_climate_.txt with detected language: en
2025-04-30 21:31:28,303 - INFO - Processed ../articles\In_Nepal__climate_change_is_shadowed_by_two_decades_of_surging_dengue___Gavi__th.txt with detected language: en
2025-04-30 21:31:28,318 - INFO - Processed ../articles\In_Nepal__climate_change_threatens_honey_hunters__tradition___dw_com.txt with detected language: en
2025-04-30 21:31:28,355 - INFO - Processed ../articles\Living_with_climate_change___Unicef.txt with detected language: en
2025-04-30 21:31:28,370 - INFO - Processed ../articles\Migration__Environment_and_Climate_Change_Nexus_in_Nepal__Policy_Brief__EN_NE___.txt with detected language: en
2025-04-30 21:31:28,379 - INFO - Processed ../articles\Nepal_National_Climate_Change_Policy_2019___PreventionWeb_net.txt with detected language: en
2025-04-30 21:31:28,398 - INFO - Processed ../articles\Nepal_rains_intensified_by_human_induced_climate_change__scientists___National_H.txt with detected language: en
2025-04-30 21:31:28,442 - INFO - Processed ../articles\Nepal_says_China_withholds__essential__info_on_bursting_Himalayan_glacial_lakes_.txt with detected language: en
2025-04-30 21:31:28,457 - INFO - Processed ../articles\Nepal_s_deadly_floods_trigger_calls_for_climate_adaptation___Mongabay.txt with detected language: en
2025-04-30 21:31:28,463 - INFO - Processed ../articles\Nepal_s_Mountain_Communities_Contemplate_the_End_of__Himalayan_Gold____The_Diplo.txt with detected language: en
2025-04-30 21:31:28,509 - INFO - Processed ../articles\Nepal___Country_Climate_and_Development_Report___International_Finance_Corporati.txt with detected language: en
2025-04-30 21:31:28,561 - INFO - Processed ../articles\Rapid_urbanisation_and_climate_change_key_drivers_of_dramatic_flood_impacts_in_N.txt with detected language: en
2025-04-30 21:31:28,579 - INFO - Processed ../articles\Research_on_Human_Security_Centred_and_Gender_Responsive_Migration__Environment_.txt with detected language: en
2025-04-30 21:31:28,587 - INFO - Processed ../articles\Rethinking_Climate_Finance_to_Work_for_Women_in_Nepal_s_Coffee_and_Pashmina_Valu.txt with detected language: en
2025-04-30 21:31:28,614 - INFO - Processed ../articles\Silenced__Women_s_Many_Layered_Struggles_for_Climate_Justice_in_Nepal___Global_I.txt with detected language: en
2025-04-30 21:31:28,659 - INFO - Processed ../articles\Strengthening_a_Climate_Smart__Green__and_Resilient_Education_System_in_Nepal___.txt with detected language: en
2025-04-30 21:31:28,697 - INFO - Processed ../articles\The_era_of_climate_crisis_in_Nepal__A_call_for_urgent_action___CGIAR.txt with detected language: en
2025-04-30 21:31:28,705 - INFO - Processed ../articles\United_In_the_Face_of_Disaster__Nepal_Navigates_Climate_Risks___United_Nations_S.txt with detected language: en
2025-04-30 21:31:28,745 - INFO - Processed ../articles\Wildfires_are_raging_in_Nepal___climate_change_isn_t_the_only_culprit___Nature.txt with detected language: en
2025-04-30 21:31:28,771 - INFO - Processed ../articles\_The_world_is_facing_a_child_rights_crisis____The_Himalayan_Times.txt with detected language: en
2025-04-30 21:31:28,776 - INFO - Processed ../articles\_This_app_saved_my_farm___How_technology_is_helping_Nepali_farmers_fight_climate.txt with detected language: en
2025-04-30 21:34:57,567 - INFO - Processed Activists_blame_policy_failures_over_climate_change_for_Nepal_Terai_s_water_cris.txt with detected language: en
2025-04-30 21:34:57,610 - INFO - Processed Application_Open_for_a_Capacity_Building_and_Reporting_Opportunity_on_Climate_Ch.txt with detected language: en
2025-04-30 21:34:57,648 - INFO - Processed A_desert_4_000m_in_the_sky__Nepal_s_health_workers_reach_some_of_the_world_s_mos.txt with detected language: en
2025-04-30 21:34:57,669 - INFO - Processed A_village_in_Nepal_faces_the_wrath_of_climate_change___Asia_News_Network.txt with detected language: en
2025-04-30 21:34:57,672 - INFO - Processed Children_and_Youth_at_the_Center_of_Nepal_s_Climate_Change_Agenda___radionepalon.txt with detected language: en
2025-04-30 21:34:57,695 - INFO - Processed Climate_Change_Amplified_the_Effects_of_Extreme_Rainfall_in_Nepal___eos_org.txt with detected language: en
2025-04-30 21:34:57,726 - INFO - Processed Climate_change_and_its_silent_impact_on_sexual_and_reproductive_health_in_Nepal_.txt with detected language: en
2025-04-30 21:34:57,739 - INFO - Processed Climate_change_could_erase_Nepal_s_snow_leopards_in_three_decades__study_warns__.txt with detected language: en
2025-04-30 21:34:57,766 - INFO - Processed Climate_change_intensifying_extreme_weather_in_Nepal__warns_ICIMOD___Down_To_Ear.txt with detected language: en
2025-04-30 21:34:57,781 - INFO - Processed Climate_change_made_downpours_behind_deadly_Nepal_floods_10__more_intense___Stud.txt with detected language: en
2025-04-30 21:34:57,796 - INFO - Processed Climate_Change_Made_Nepal_Floods_70__More_Likely__Experts_Say___Earth_Org.txt with detected language: en
2025-04-30 21:34:57,804 - INFO - Processed Climate_change_sees_Nepalese_farmers_return_to_indigenous_crops___Ucanews.txt with detected language: en
2025-04-30 21:34:57,823 - INFO - Processed Climate_crisis_stings_Nepal_s_honey_gatherers__threatens_tradition___Al_Jazeera.txt with detected language: en
2025-04-30 21:34:57,868 - INFO - Processed Climate_migration_amplifies_gender_inequalities___Nepal___ReliefWeb.txt with detected language: en
2025-04-30 21:34:57,874 - INFO - Processed Enhancing_the_resilience_of_food_production_systems_for_food_and_nutritional_sec.txt with detected language: en
2025-04-30 21:34:57,879 - INFO - Processed Gender_Integration_in_Climate_Change_and_Agricultural_Policies__The_Case_of_Nepa.txt with detected language: en
2025-04-30 21:34:57,903 - INFO - Processed How_climate_change_has_hit_Nepali_kitchens___Asia_News_Network.txt with detected language: en
2025-04-30 21:34:57,908 - INFO - Processed Human_induced_climate_change_behind_recent_flooding_disasters_in_Nepal___Busines.txt with detected language: en
2025-04-30 21:34:57,912 - INFO - Processed Hybrid_knowledge_and_climate_resilient_agriculture_practices_of_the_Tharu_in_the.txt with detected language: en
2025-04-30 21:34:57,917 - INFO - Processed Indigenous_people_s_perception_of_indigenous_agricultural_knowledge_for_climate_.txt with detected language: en
2025-04-30 21:34:57,957 - INFO - Processed In_Nepal__climate_change_is_shadowed_by_two_decades_of_surging_dengue___Gavi__th.txt with detected language: en
2025-04-30 21:34:57,970 - INFO - Processed In_Nepal__climate_change_threatens_honey_hunters__tradition___dw_com.txt with detected language: en
2025-04-30 21:34:57,999 - INFO - Processed Living_with_climate_change___Unicef.txt with detected language: en
2025-04-30 21:34:58,024 - INFO - Processed Migration__Environment_and_Climate_Change_Nexus_in_Nepal__Policy_Brief__EN_NE___.txt with detected language: en
2025-04-30 21:34:58,033 - INFO - Processed Nepal_National_Climate_Change_Policy_2019___PreventionWeb_net.txt with detected language: en
2025-04-30 21:34:58,054 - INFO - Processed Nepal_rains_intensified_by_human_induced_climate_change__scientists___National_H.txt with detected language: en
2025-04-30 21:34:58,088 - INFO - Processed Nepal_says_China_withholds__essential__info_on_bursting_Himalayan_glacial_lakes_.txt with detected language: en
2025-04-30 21:34:58,099 - INFO - Processed Nepal_s_deadly_floods_trigger_calls_for_climate_adaptation___Mongabay.txt with detected language: en
2025-04-30 21:34:58,105 - INFO - Processed Nepal_s_Mountain_Communities_Contemplate_the_End_of__Himalayan_Gold____The_Diplo.txt with detected language: en
2025-04-30 21:34:58,126 - INFO - Processed Nepal___Country_Climate_and_Development_Report___International_Finance_Corporati.txt with detected language: en
2025-04-30 21:34:58,151 - INFO - Processed Rapid_urbanisation_and_climate_change_key_drivers_of_dramatic_flood_impacts_in_N.txt with detected language: en
2025-04-30 21:34:58,166 - INFO - Processed Research_on_Human_Security_Centred_and_Gender_Responsive_Migration__Environment_.txt with detected language: en
2025-04-30 21:34:58,172 - INFO - Processed Rethinking_Climate_Finance_to_Work_for_Women_in_Nepal_s_Coffee_and_Pashmina_Valu.txt with detected language: en
2025-04-30 21:34:58,198 - INFO - Processed Silenced__Women_s_Many_Layered_Struggles_for_Climate_Justice_in_Nepal___Global_I.txt with detected language: en
2025-04-30 21:34:58,239 - INFO - Processed Strengthening_a_Climate_Smart__Green__and_Resilient_Education_System_in_Nepal___.txt with detected language: en
2025-04-30 21:34:58,265 - INFO - Processed The_era_of_climate_crisis_in_Nepal__A_call_for_urgent_action___CGIAR.txt with detected language: en
2025-04-30 21:34:58,270 - INFO - Processed United_In_the_Face_of_Disaster__Nepal_Navigates_Climate_Risks___United_Nations_S.txt with detected language: en
2025-04-30 21:34:58,293 - INFO - Processed Wildfires_are_raging_in_Nepal___climate_change_isn_t_the_only_culprit___Nature.txt with detected language: en
2025-04-30 21:34:58,311 - INFO - Processed _The_world_is_facing_a_child_rights_crisis____The_Himalayan_Times.txt with detected language: en
2025-04-30 21:34:58,318 - INFO - Processed _This_app_saved_my_farm___How_technology_is_helping_Nepali_farmers_fight_climate.txt with detected language: en
2025-04-30 21:34:58,319 - INFO - Language detection output saved at trained_model\language_model\detected_languages.txt
2025-05-01 22:22:46,112 - INFO - Processed Activists_blame_policy_failures_over_climate_change_for_Nepal_Terai_s_water_cris.txt with detected language: en
2025-05-01 22:22:46,161 - INFO - Processed Application_Open_for_a_Capacity_Building_and_Reporting_Opportunity_on_Climate_Ch.txt with detected language: en
2025-05-01 22:22:46,357 - INFO - Processed A_desert_4_000m_in_the_sky__Nepal_s_health_workers_reach_some_of_the_world_s_mos.txt with detected language: en
2025-05-01 22:22:46,406 - INFO - Processed A_village_in_Nepal_faces_the_wrath_of_climate_change___Asia_News_Network.txt with detected language: en
2025-05-01 22:22:46,430 - INFO - Processed Children_and_Youth_at_the_Center_of_Nepal_s_Climate_Change_Agenda___radionepalon.txt with detected language: en
2025-05-01 22:22:46,469 - INFO - Processed Climate_Change_Amplified_the_Effects_of_Extreme_Rainfall_in_Nepal___eos_org.txt with detected language: en
2025-05-01 22:22:46,588 - INFO - Processed Climate_change_and_its_silent_impact_on_sexual_and_reproductive_health_in_Nepal_.txt with detected language: en
2025-05-01 22:22:46,640 - INFO - Processed Climate_change_could_erase_Nepal_s_snow_leopards_in_three_decades__study_warns__.txt with detected language: en
2025-05-01 22:22:46,707 - INFO - Processed Climate_change_intensifying_extreme_weather_in_Nepal__warns_ICIMOD___Down_To_Ear.txt with detected language: en
2025-05-01 22:22:46,745 - INFO - Processed Climate_change_made_downpours_behind_deadly_Nepal_floods_10__more_intense___Stud.txt with detected language: en
2025-05-01 22:22:46,777 - INFO - Processed Climate_Change_Made_Nepal_Floods_70__More_Likely__Experts_Say___Earth_Org.txt with detected language: en
2025-05-01 22:22:46,803 - INFO - Processed Climate_change_sees_Nepalese_farmers_return_to_indigenous_crops___Ucanews.txt with detected language: en
2025-05-01 22:22:46,836 - INFO - Processed Climate_crisis_stings_Nepal_s_honey_gatherers__threatens_tradition___Al_Jazeera.txt with detected language: en
2025-05-01 22:22:46,881 - INFO - Processed Climate_migration_amplifies_gender_inequalities___Nepal___ReliefWeb.txt with detected language: en
2025-05-01 22:22:46,897 - INFO - Processed Enhancing_the_resilience_of_food_production_systems_for_food_and_nutritional_sec.txt with detected language: en
2025-05-01 22:22:46,915 - INFO - Processed Gender_Integration_in_Climate_Change_and_Agricultural_Policies__The_Case_of_Nepa.txt with detected language: en
2025-05-01 22:22:46,962 - INFO - Processed How_climate_change_has_hit_Nepali_kitchens___Asia_News_Network.txt with detected language: en
2025-05-01 22:22:46,987 - INFO - Processed Human_induced_climate_change_behind_recent_flooding_disasters_in_Nepal___Busines.txt with detected language: en
2025-05-01 22:22:47,006 - INFO - Processed Hybrid_knowledge_and_climate_resilient_agriculture_practices_of_the_Tharu_in_the.txt with detected language: en
2025-05-01 22:22:47,027 - INFO - Processed Indigenous_people_s_perception_of_indigenous_agricultural_knowledge_for_climate_.txt with detected language: en
2025-05-01 22:22:47,097 - INFO - Processed In_Nepal__climate_change_is_shadowed_by_two_decades_of_surging_dengue___Gavi__th.txt with detected language: en
2025-05-01 22:22:47,139 - INFO - Processed In_Nepal__climate_change_threatens_honey_hunters__tradition___dw_com.txt with detected language: en
2025-05-01 22:22:47,184 - INFO - Processed Living_with_climate_change___Unicef.txt with detected language: en
2025-05-01 22:22:47,213 - INFO - Processed Migration__Environment_and_Climate_Change_Nexus_in_Nepal__Policy_Brief__EN_NE___.txt with detected language: en
2025-05-01 22:22:47,249 - INFO - Processed Nepal_National_Climate_Change_Policy_2019___PreventionWeb_net.txt with detected language: en
2025-05-01 22:22:47,301 - INFO - Processed Nepal_rains_intensified_by_human_induced_climate_change__scientists___National_H.txt with detected language: en
2025-05-01 22:22:47,446 - INFO - Processed Nepal_says_China_withholds__essential__info_on_bursting_Himalayan_glacial_lakes_.txt with detected language: en
2025-05-01 22:22:47,497 - INFO - Processed Nepal_s_deadly_floods_trigger_calls_for_climate_adaptation___Mongabay.txt with detected language: en
2025-05-01 22:22:47,522 - INFO - Processed Nepal_s_Mountain_Communities_Contemplate_the_End_of__Himalayan_Gold____The_Diplo.txt with detected language: en
2025-05-01 22:22:47,557 - INFO - Processed Nepal___Country_Climate_and_Development_Report___International_Finance_Corporati.txt with detected language: en
2025-05-01 22:22:47,616 - INFO - Processed Rapid_urbanisation_and_climate_change_key_drivers_of_dramatic_flood_impacts_in_N.txt with detected language: en
2025-05-01 22:22:47,654 - INFO - Processed Research_on_Human_Security_Centred_and_Gender_Responsive_Migration__Environment_.txt with detected language: en
2025-05-01 22:22:47,676 - INFO - Processed Rethinking_Climate_Finance_to_Work_for_Women_in_Nepal_s_Coffee_and_Pashmina_Valu.txt with detected language: en
2025-05-01 22:22:47,722 - INFO - Processed Silenced__Women_s_Many_Layered_Struggles_for_Climate_Justice_in_Nepal___Global_I.txt with detected language: en
2025-05-01 22:22:47,789 - INFO - Processed Strengthening_a_Climate_Smart__Green__and_Resilient_Education_System_in_Nepal___.txt with detected language: en
2025-05-01 22:22:47,846 - INFO - Processed The_era_of_climate_crisis_in_Nepal__A_call_for_urgent_action___CGIAR.txt with detected language: en
2025-05-01 22:22:47,872 - INFO - Processed United_In_the_Face_of_Disaster__Nepal_Navigates_Climate_Risks___United_Nations_S.txt with detected language: en
2025-05-01 22:22:47,923 - INFO - Processed Wildfires_are_raging_in_Nepal___climate_change_isn_t_the_only_culprit___Nature.txt with detected language: en
2025-05-01 22:22:47,976 - INFO - Processed _The_world_is_facing_a_child_rights_crisis____The_Himalayan_Times.txt with detected language: en
2025-05-01 22:22:47,999 - INFO - Processed _This_app_saved_my_farm___How_technology_is_helping_Nepali_farmers_fight_climate.txt with detected language: en
2025-05-01 22:22:48,001 - INFO - Language detection output saved at trained_model\language_model\detected_languages.txt
2025-05-01 22:24:13,669 - INFO - Processed Activists_blame_policy_failures_over_climate_change_for_Nepal_Terai_s_water_cris.txt with detected language: en
2025-05-01 22:24:13,699 - INFO - Processed Application_Open_for_a_Capacity_Building_and_Reporting_Opportunity_on_Climate_Ch.txt with detected language: en
2025-05-01 22:24:13,737 - INFO - Processed A_desert_4_000m_in_the_sky__Nepal_s_health_workers_reach_some_of_the_world_s_mos.txt with detected language: en
2025-05-01 22:24:13,760 - INFO - Processed A_village_in_Nepal_faces_the_wrath_of_climate_change___Asia_News_Network.txt with detected language: en
2025-05-01 22:24:13,774 - INFO - Processed Children_and_Youth_at_the_Center_of_Nepal_s_Climate_Change_Agenda___radionepalon.txt with detected language: en
2025-05-01 22:24:13,791 - INFO - Processed Climate_Change_Amplified_the_Effects_of_Extreme_Rainfall_in_Nepal___eos_org.txt with detected language: en
2025-05-01 22:24:13,830 - INFO - Processed Climate_change_and_its_silent_impact_on_sexual_and_reproductive_health_in_Nepal_.txt with detected language: en
2025-05-01 22:24:13,838 - INFO - Processed Climate_change_could_erase_Nepal_s_snow_leopards_in_three_decades__study_warns__.txt with detected language: en
2025-05-01 22:24:13,856 - INFO - Processed Climate_change_intensifying_extreme_weather_in_Nepal__warns_ICIMOD___Down_To_Ear.txt with detected language: en
2025-05-01 22:24:13,886 - INFO - Processed Climate_change_made_downpours_behind_deadly_Nepal_floods_10__more_intense___Stud.txt with detected language: en
2025-05-01 22:24:13,909 - INFO - Processed Climate_Change_Made_Nepal_Floods_70__More_Likely__Experts_Say___Earth_Org.txt with detected language: en
2025-05-01 22:24:13,909 - INFO - Processed Climate_change_sees_Nepalese_farmers_return_to_indigenous_crops___Ucanews.txt with detected language: en
2025-05-01 22:24:13,929 - INFO - Processed Climate_crisis_stings_Nepal_s_honey_gatherers__threatens_tradition___Al_Jazeera.txt with detected language: en
2025-05-01 22:24:13,984 - INFO - Processed Climate_migration_amplifies_gender_inequalities___Nepal___ReliefWeb.txt with detected language: en
2025-05-01 22:24:13,990 - INFO - Processed Enhancing_the_resilience_of_food_production_systems_for_food_and_nutritional_sec.txt with detected language: en
2025-05-01 22:24:13,997 - INFO - Processed Gender_Integration_in_Climate_Change_and_Agricultural_Policies__The_Case_of_Nepa.txt with detected language: en
2025-05-01 22:24:14,031 - INFO - Processed How_climate_change_has_hit_Nepali_kitchens___Asia_News_Network.txt with detected language: en
2025-05-01 22:24:14,032 - INFO - Processed Human_induced_climate_change_behind_recent_flooding_disasters_in_Nepal___Busines.txt with detected language: en
2025-05-01 22:24:14,040 - INFO - Processed Hybrid_knowledge_and_climate_resilient_agriculture_practices_of_the_Tharu_in_the.txt with detected language: en
2025-05-01 22:24:14,046 - INFO - Processed Indigenous_people_s_perception_of_indigenous_agricultural_knowledge_for_climate_.txt with detected language: en
2025-05-01 22:24:14,077 - INFO - Processed In_Nepal__climate_change_is_shadowed_by_two_decades_of_surging_dengue___Gavi__th.txt with detected language: en
2025-05-01 22:24:14,101 - INFO - Processed In_Nepal__climate_change_threatens_honey_hunters__tradition___dw_com.txt with detected language: en
2025-05-01 22:24:14,133 - INFO - Processed Living_with_climate_change___Unicef.txt with detected language: en
2025-05-01 22:24:14,149 - INFO - Processed Migration__Environment_and_Climate_Change_Nexus_in_Nepal__Policy_Brief__EN_NE___.txt with detected language: en
2025-05-01 22:24:14,160 - INFO - Processed Nepal_National_Climate_Change_Policy_2019___PreventionWeb_net.txt with detected language: en
2025-05-01 22:24:14,176 - INFO - Processed Nepal_rains_intensified_by_human_induced_climate_change__scientists___National_H.txt with detected language: en
2025-05-01 22:24:14,207 - INFO - Processed Nepal_says_China_withholds__essential__info_on_bursting_Himalayan_glacial_lakes_.txt with detected language: en
2025-05-01 22:24:14,222 - INFO - Processed Nepal_s_deadly_floods_trigger_calls_for_climate_adaptation___Mongabay.txt with detected language: en
2025-05-01 22:24:14,230 - INFO - Processed Nepal_s_Mountain_Communities_Contemplate_the_End_of__Himalayan_Gold____The_Diplo.txt with detected language: en
2025-05-01 22:24:14,247 - INFO - Processed Nepal___Country_Climate_and_Development_Report___International_Finance_Corporati.txt with detected language: en
2025-05-01 22:24:14,271 - INFO - Processed Rapid_urbanisation_and_climate_change_key_drivers_of_dramatic_flood_impacts_in_N.txt with detected language: en
2025-05-01 22:24:14,284 - INFO - Processed Research_on_Human_Security_Centred_and_Gender_Responsive_Migration__Environment_.txt with detected language: en
2025-05-01 22:24:14,289 - INFO - Processed Rethinking_Climate_Finance_to_Work_for_Women_in_Nepal_s_Coffee_and_Pashmina_Valu.txt with detected language: en
2025-05-01 22:24:14,315 - INFO - Processed Silenced__Women_s_Many_Layered_Struggles_for_Climate_Justice_in_Nepal___Global_I.txt with detected language: en
2025-05-01 22:24:14,339 - INFO - Processed Strengthening_a_Climate_Smart__Green__and_Resilient_Education_System_in_Nepal___.txt with detected language: en
2025-05-01 22:24:14,367 - INFO - Processed The_era_of_climate_crisis_in_Nepal__A_call_for_urgent_action___CGIAR.txt with detected language: en
2025-05-01 22:24:14,370 - INFO - Processed United_In_the_Face_of_Disaster__Nepal_Navigates_Climate_Risks___United_Nations_S.txt with detected language: en
2025-05-01 22:24:14,396 - INFO - Processed Wildfires_are_raging_in_Nepal___climate_change_isn_t_the_only_culprit___Nature.txt with detected language: en
2025-05-01 22:24:14,417 - INFO - Processed _The_world_is_facing_a_child_rights_crisis____The_Himalayan_Times.txt with detected language: en
2025-05-01 22:24:14,426 - INFO - Processed _This_app_saved_my_farm___How_technology_is_helping_Nepali_farmers_fight_climate.txt with detected language: en
2025-05-01 22:24:14,429 - INFO - Language detection output saved at D:\AI\assignment\Eighth Project\capstone-project-pikuz4m31\nlp\nlp\models\trained_model\language_model\detected_languages.txt
2025-05-01 22:24:48,719 - INFO - Processed Activists_blame_policy_failures_over_climate_change_for_Nepal_Terai_s_water_cris.txt with detected language: en
2025-05-01 22:24:48,759 - INFO - Processed Application_Open_for_a_Capacity_Building_and_Reporting_Opportunity_on_Climate_Ch.txt with detected language: en
2025-05-01 22:24:48,790 - INFO - Processed A_desert_4_000m_in_the_sky__Nepal_s_health_workers_reach_some_of_the_world_s_mos.txt with detected language: en
2025-05-01 22:24:48,816 - INFO - Processed A_village_in_Nepal_faces_the_wrath_of_climate_change___Asia_News_Network.txt with detected language: en
2025-05-01 22:24:48,831 - INFO - Processed Children_and_Youth_at_the_Center_of_Nepal_s_Climate_Change_Agenda___radionepalon.txt with detected language: en
2025-05-01 22:24:48,851 - INFO - Processed Climate_Change_Amplified_the_Effects_of_Extreme_Rainfall_in_Nepal___eos_org.txt with detected language: en
2025-05-01 22:24:48,886 - INFO - Processed Climate_change_and_its_silent_impact_on_sexual_and_reproductive_health_in_Nepal_.txt with detected language: en
2025-05-01 22:24:48,900 - INFO - Processed Climate_change_could_erase_Nepal_s_snow_leopards_in_three_decades__study_warns__.txt with detected language: en
2025-05-01 22:24:48,916 - INFO - Processed Climate_change_intensifying_extreme_weather_in_Nepal__warns_ICIMOD___Down_To_Ear.txt with detected language: en
2025-05-01 22:24:48,936 - INFO - Processed Climate_change_made_downpours_behind_deadly_Nepal_floods_10__more_intense___Stud.txt with detected language: en
2025-05-01 22:24:48,956 - INFO - Processed Climate_Change_Made_Nepal_Floods_70__More_Likely__Experts_Say___Earth_Org.txt with detected language: en
2025-05-01 22:24:48,969 - INFO - Processed Climate_change_sees_Nepalese_farmers_return_to_indigenous_crops___Ucanews.txt with detected language: en
2025-05-01 22:24:48,987 - INFO - Processed Climate_crisis_stings_Nepal_s_honey_gatherers__threatens_tradition___Al_Jazeera.txt with detected language: en
2025-05-01 22:24:49,026 - INFO - Processed Climate_migration_amplifies_gender_inequalities___Nepal___ReliefWeb.txt with detected language: en
2025-05-01 22:24:49,041 - INFO - Processed Enhancing_the_resilience_of_food_production_systems_for_food_and_nutritional_sec.txt with detected language: en
2025-05-01 22:24:49,053 - INFO - Processed Gender_Integration_in_Climate_Change_and_Agricultural_Policies__The_Case_of_Nepa.txt with detected language: en
2025-05-01 22:24:49,094 - INFO - Processed How_climate_change_has_hit_Nepali_kitchens___Asia_News_Network.txt with detected language: en
2025-05-01 22:24:49,107 - INFO - Processed Human_induced_climate_change_behind_recent_flooding_disasters_in_Nepal___Busines.txt with detected language: en
2025-05-01 22:24:49,109 - INFO - Processed Hybrid_knowledge_and_climate_resilient_agriculture_practices_of_the_Tharu_in_the.txt with detected language: en
2025-05-01 22:24:49,123 - INFO - Processed Indigenous_people_s_perception_of_indigenous_agricultural_knowledge_for_climate_.txt with detected language: en
2025-05-01 22:24:49,156 - INFO - Processed In_Nepal__climate_change_is_shadowed_by_two_decades_of_surging_dengue___Gavi__th.txt with detected language: en
2025-05-01 22:24:49,167 - INFO - Processed In_Nepal__climate_change_threatens_honey_hunters__tradition___dw_com.txt with detected language: en
2025-05-01 22:24:49,196 - INFO - Processed Living_with_climate_change___Unicef.txt with detected language: en
2025-05-01 22:24:49,217 - INFO - Processed Migration__Environment_and_Climate_Change_Nexus_in_Nepal__Policy_Brief__EN_NE___.txt with detected language: en
2025-05-01 22:24:49,226 - INFO - Processed Nepal_National_Climate_Change_Policy_2019___PreventionWeb_net.txt with detected language: en
2025-05-01 22:24:49,236 - INFO - Processed Nepal_rains_intensified_by_human_induced_climate_change__scientists___National_H.txt with detected language: en
2025-05-01 22:24:49,269 - INFO - Processed Nepal_says_China_withholds__essential__info_on_bursting_Himalayan_glacial_lakes_.txt with detected language: en
2025-05-01 22:24:49,287 - INFO - Processed Nepal_s_deadly_floods_trigger_calls_for_climate_adaptation___Mongabay.txt with detected language: en
2025-05-01 22:24:49,291 - INFO - Processed Nepal_s_Mountain_Communities_Contemplate_the_End_of__Himalayan_Gold____The_Diplo.txt with detected language: en
2025-05-01 22:24:49,323 - INFO - Processed Nepal___Country_Climate_and_Development_Report___International_Finance_Corporati.txt with detected language: en
2025-05-01 22:24:49,348 - INFO - Processed Rapid_urbanisation_and_climate_change_key_drivers_of_dramatic_flood_impacts_in_N.txt with detected language: en
2025-05-01 22:24:49,361 - INFO - Processed Research_on_Human_Security_Centred_and_Gender_Responsive_Migration__Environment_.txt with detected language: en
2025-05-01 22:24:49,369 - INFO - Processed Rethinking_Climate_Finance_to_Work_for_Women_in_Nepal_s_Coffee_and_Pashmina_Valu.txt with detected language: en
2025-05-01 22:24:49,398 - INFO - Processed Silenced__Women_s_Many_Layered_Struggles_for_Climate_Justice_in_Nepal___Global_I.txt with detected language: en
2025-05-01 22:24:49,433 - INFO - Processed Strengthening_a_Climate_Smart__Green__and_Resilient_Education_System_in_Nepal___.txt with detected language: en
2025-05-01 22:24:49,466 - INFO - Processed The_era_of_climate_crisis_in_Nepal__A_call_for_urgent_action___CGIAR.txt with detected language: en
2025-05-01 22:24:49,473 - INFO - Processed United_In_the_Face_of_Disaster__Nepal_Navigates_Climate_Risks___United_Nations_S.txt with detected language: en
2025-05-01 22:24:49,499 - INFO - Processed Wildfires_are_raging_in_Nepal___climate_change_isn_t_the_only_culprit___Nature.txt with detected language: en
2025-05-01 22:24:49,521 - INFO - Processed _The_world_is_facing_a_child_rights_crisis____The_Himalayan_Times.txt with detected language: en
2025-05-01 22:24:49,526 - INFO - Processed _This_app_saved_my_farm___How_technology_is_helping_Nepali_farmers_fight_climate.txt with detected language: en
2025-05-01 22:24:49,526 - INFO - Language detection output saved at D:\AI\assignment\Eighth Project\capstone-project-pikuz4m31\nlp\nlp\models\trained_model\language_model\detected_languages.txt
2025-05-01 22:26:12,910 - INFO - Processed Activists_blame_policy_failures_over_climate_change_for_Nepal_Terai_s_water_cris.txt with detected language: en
2025-05-01 22:26:12,951 - INFO - Processed Application_Open_for_a_Capacity_Building_and_Reporting_Opportunity_on_Climate_Ch.txt with detected language: en
2025-05-01 22:26:12,986 - INFO - Processed A_desert_4_000m_in_the_sky__Nepal_s_health_workers_reach_some_of_the_world_s_mos.txt with detected language: en
2025-05-01 22:26:13,011 - INFO - Processed A_village_in_Nepal_faces_the_wrath_of_climate_change___Asia_News_Network.txt with detected language: en
2025-05-01 22:26:13,017 - INFO - Processed Children_and_Youth_at_the_Center_of_Nepal_s_Climate_Change_Agenda___radionepalon.txt with detected language: en
2025-05-01 22:26:13,036 - INFO - Processed Climate_Change_Amplified_the_Effects_of_Extreme_Rainfall_in_Nepal___eos_org.txt with detected language: en
2025-05-01 22:26:13,080 - INFO - Processed Climate_change_and_its_silent_impact_on_sexual_and_reproductive_health_in_Nepal_.txt with detected language: en
2025-05-01 22:26:13,091 - INFO - Processed Climate_change_could_erase_Nepal_s_snow_leopards_in_three_decades__study_warns__.txt with detected language: en
2025-05-01 22:26:13,110 - INFO - Processed Climate_change_intensifying_extreme_weather_in_Nepal__warns_ICIMOD___Down_To_Ear.txt with detected language: en
2025-05-01 22:26:13,127 - INFO - Processed Climate_change_made_downpours_behind_deadly_Nepal_floods_10__more_intense___Stud.txt with detected language: en
2025-05-01 22:26:13,147 - INFO - Processed Climate_Change_Made_Nepal_Floods_70__More_Likely__Experts_Say___Earth_Org.txt with detected language: en
2025-05-01 22:26:13,150 - INFO - Processed Climate_change_sees_Nepalese_farmers_return_to_indigenous_crops___Ucanews.txt with detected language: en
2025-05-01 22:26:13,167 - INFO - Processed Climate_crisis_stings_Nepal_s_honey_gatherers__threatens_tradition___Al_Jazeera.txt with detected language: en
2025-05-01 22:26:13,217 - INFO - Processed Climate_migration_amplifies_gender_inequalities___Nepal___ReliefWeb.txt with detected language: en
2025-05-01 22:26:13,219 - INFO - Processed Enhancing_the_resilience_of_food_production_systems_for_food_and_nutritional_sec.txt with detected language: en
2025-05-01 22:26:13,219 - INFO - Processed Gender_Integration_in_Climate_Change_and_Agricultural_Policies__The_Case_of_Nepa.txt with detected language: en
2025-05-01 22:26:13,251 - INFO - Processed How_climate_change_has_hit_Nepali_kitchens___Asia_News_Network.txt with detected language: en
2025-05-01 22:26:13,256 - INFO - Processed Human_induced_climate_change_behind_recent_flooding_disasters_in_Nepal___Busines.txt with detected language: en
2025-05-01 22:26:13,261 - INFO - Processed Hybrid_knowledge_and_climate_resilient_agriculture_practices_of_the_Tharu_in_the.txt with detected language: en
2025-05-01 22:26:13,266 - INFO - Processed Indigenous_people_s_perception_of_indigenous_agricultural_knowledge_for_climate_.txt with detected language: en
2025-05-01 22:26:13,297 - INFO - Processed In_Nepal__climate_change_is_shadowed_by_two_decades_of_surging_dengue___Gavi__th.txt with detected language: en
2025-05-01 22:26:13,310 - INFO - Processed In_Nepal__climate_change_threatens_honey_hunters__tradition___dw_com.txt with detected language: en
2025-05-01 22:26:13,330 - INFO - Processed Living_with_climate_change___Unicef.txt with detected language: en
2025-05-01 22:26:13,342 - INFO - Processed Migration__Environment_and_Climate_Change_Nexus_in_Nepal__Policy_Brief__EN_NE___.txt with detected language: en
2025-05-01 22:26:13,354 - INFO - Processed Nepal_National_Climate_Change_Policy_2019___PreventionWeb_net.txt with detected language: en
2025-05-01 22:26:13,387 - INFO - Processed Nepal_rains_intensified_by_human_induced_climate_change__scientists___National_H.txt with detected language: en
2025-05-01 22:26:13,410 - INFO - Processed Nepal_says_China_withholds__essential__info_on_bursting_Himalayan_glacial_lakes_.txt with detected language: en
2025-05-01 22:26:13,427 - INFO - Processed Nepal_s_deadly_floods_trigger_calls_for_climate_adaptation___Mongabay.txt with detected language: en
2025-05-01 22:26:13,430 - INFO - Processed Nepal_s_Mountain_Communities_Contemplate_the_End_of__Himalayan_Gold____The_Diplo.txt with detected language: en
2025-05-01 22:26:13,457 - INFO - Processed Nepal___Country_Climate_and_Development_Report___International_Finance_Corporati.txt with detected language: en
2025-05-01 22:26:13,477 - INFO - Processed Rapid_urbanisation_and_climate_change_key_drivers_of_dramatic_flood_impacts_in_N.txt with detected language: en
2025-05-01 22:26:13,486 - INFO - Processed Research_on_Human_Security_Centred_and_Gender_Responsive_Migration__Environment_.txt with detected language: en
2025-05-01 22:26:13,497 - INFO - Processed Rethinking_Climate_Finance_to_Work_for_Women_in_Nepal_s_Coffee_and_Pashmina_Valu.txt with detected language: en
2025-05-01 22:26:13,516 - INFO - Processed Silenced__Women_s_Many_Layered_Struggles_for_Climate_Justice_in_Nepal___Global_I.txt with detected language: en
2025-05-01 22:26:13,549 - INFO - Processed Strengthening_a_Climate_Smart__Green__and_Resilient_Education_System_in_Nepal___.txt with detected language: en
2025-05-01 22:26:13,577 - INFO - Processed The_era_of_climate_crisis_in_Nepal__A_call_for_urgent_action___CGIAR.txt with detected language: en
2025-05-01 22:26:13,588 - INFO - Processed United_In_the_Face_of_Disaster__Nepal_Navigates_Climate_Risks___United_Nations_S.txt with detected language: en
2025-05-01 22:26:13,614 - INFO - Processed Wildfires_are_raging_in_Nepal___climate_change_isn_t_the_only_culprit___Nature.txt with detected language: en
2025-05-01 22:26:13,629 - INFO - Processed _The_world_is_facing_a_child_rights_crisis____The_Himalayan_Times.txt with detected language: en
2025-05-01 22:26:13,637 - INFO - Processed _This_app_saved_my_farm___How_technology_is_helping_Nepali_farmers_fight_climate.txt with detected language: en
2025-05-01 22:26:13,638 - INFO - Language detection output saved at D:\AI\assignment\Eighth Project\capstone-project-pikuz4m31\nlp\nlp\models\trained_model\language_model\detected_languages.txt
2025-05-01 22:27:34,160 - INFO - Processed Activists_blame_policy_failures_over_climate_change_for_Nepal_Terai_s_water_cris.txt with detected language: en
2025-05-01 22:27:34,204 - INFO - Processed Application_Open_for_a_Capacity_Building_and_Reporting_Opportunity_on_Climate_Ch.txt with detected language: en
2025-05-01 22:27:34,240 - INFO - Processed A_desert_4_000m_in_the_sky__Nepal_s_health_workers_reach_some_of_the_world_s_mos.txt with detected language: en
2025-05-01 22:27:34,265 - INFO - Processed A_village_in_Nepal_faces_the_wrath_of_climate_change___Asia_News_Network.txt with detected language: en
2025-05-01 22:27:34,275 - INFO - Processed Children_and_Youth_at_the_Center_of_Nepal_s_Climate_Change_Agenda___radionepalon.txt with detected language: en
2025-05-01 22:27:34,294 - INFO - Processed Climate_Change_Amplified_the_Effects_of_Extreme_Rainfall_in_Nepal___eos_org.txt with detected language: en
2025-05-01 22:27:34,334 - INFO - Processed Climate_change_and_its_silent_impact_on_sexual_and_reproductive_health_in_Nepal_.txt with detected language: en
2025-05-01 22:27:34,345 - INFO - Processed Climate_change_could_erase_Nepal_s_snow_leopards_in_three_decades__study_warns__.txt with detected language: en
2025-05-01 22:27:34,369 - INFO - Processed Climate_change_intensifying_extreme_weather_in_Nepal__warns_ICIMOD___Down_To_Ear.txt with detected language: en
2025-05-01 22:27:34,378 - INFO - Processed Climate_change_made_downpours_behind_deadly_Nepal_floods_10__more_intense___Stud.txt with detected language: en
2025-05-01 22:27:34,404 - INFO - Processed Climate_Change_Made_Nepal_Floods_70__More_Likely__Experts_Say___Earth_Org.txt with detected language: en
2025-05-01 22:27:34,414 - INFO - Processed Climate_change_sees_Nepalese_farmers_return_to_indigenous_crops___Ucanews.txt with detected language: en
2025-05-01 22:27:34,447 - INFO - Processed Climate_crisis_stings_Nepal_s_honey_gatherers__threatens_tradition___Al_Jazeera.txt with detected language: en
2025-05-01 22:27:34,489 - INFO - Processed Climate_migration_amplifies_gender_inequalities___Nepal___ReliefWeb.txt with detected language: en
2025-05-01 22:27:34,494 - INFO - Processed Enhancing_the_resilience_of_food_production_systems_for_food_and_nutritional_sec.txt with detected language: en
2025-05-01 22:27:34,494 - INFO - Processed Gender_Integration_in_Climate_Change_and_Agricultural_Policies__The_Case_of_Nepa.txt with detected language: en
2025-05-01 22:27:34,524 - INFO - Processed How_climate_change_has_hit_Nepali_kitchens___Asia_News_Network.txt with detected language: en
2025-05-01 22:27:34,528 - INFO - Processed Human_induced_climate_change_behind_recent_flooding_disasters_in_Nepal___Busines.txt with detected language: en
2025-05-01 22:27:34,535 - INFO - Processed Hybrid_knowledge_and_climate_resilient_agriculture_practices_of_the_Tharu_in_the.txt with detected language: en
2025-05-01 22:27:34,535 - INFO - Processed Indigenous_people_s_perception_of_indigenous_agricultural_knowledge_for_climate_.txt with detected language: en
2025-05-01 22:27:34,592 - INFO - Processed In_Nepal__climate_change_is_shadowed_by_two_decades_of_surging_dengue___Gavi__th.txt with detected language: en
2025-05-01 22:27:34,608 - INFO - Processed In_Nepal__climate_change_threatens_honey_hunters__tradition___dw_com.txt with detected language: en
2025-05-01 22:27:34,643 - INFO - Processed Living_with_climate_change___Unicef.txt with detected language: en
2025-05-01 22:27:34,655 - INFO - Processed Migration__Environment_and_Climate_Change_Nexus_in_Nepal__Policy_Brief__EN_NE___.txt with detected language: en
2025-05-01 22:27:34,665 - INFO - Processed Nepal_National_Climate_Change_Policy_2019___PreventionWeb_net.txt with detected language: en
2025-05-01 22:27:34,678 - INFO - Processed Nepal_rains_intensified_by_human_induced_climate_change__scientists___National_H.txt with detected language: en
2025-05-01 22:27:34,718 - INFO - Processed Nepal_says_China_withholds__essential__info_on_bursting_Himalayan_glacial_lakes_.txt with detected language: en
2025-05-01 22:27:34,736 - INFO - Processed Nepal_s_deadly_floods_trigger_calls_for_climate_adaptation___Mongabay.txt with detected language: en
2025-05-01 22:27:34,739 - INFO - Processed Nepal_s_Mountain_Communities_Contemplate_the_End_of__Himalayan_Gold____The_Diplo.txt with detected language: en
2025-05-01 22:27:34,760 - INFO - Processed Nepal___Country_Climate_and_Development_Report___International_Finance_Corporati.txt with detected language: en
2025-05-01 22:27:34,782 - INFO - Processed Rapid_urbanisation_and_climate_change_key_drivers_of_dramatic_flood_impacts_in_N.txt with detected language: en
2025-05-01 22:27:34,798 - INFO - Processed Research_on_Human_Security_Centred_and_Gender_Responsive_Migration__Environment_.txt with detected language: en
2025-05-01 22:27:34,803 - INFO - Processed Rethinking_Climate_Finance_to_Work_for_Women_in_Nepal_s_Coffee_and_Pashmina_Valu.txt with detected language: en
2025-05-01 22:27:34,829 - INFO - Processed Silenced__Women_s_Many_Layered_Struggles_for_Climate_Justice_in_Nepal___Global_I.txt with detected language: en
2025-05-01 22:27:34,875 - INFO - Processed Strengthening_a_Climate_Smart__Green__and_Resilient_Education_System_in_Nepal___.txt with detected language: en
2025-05-01 22:27:34,907 - INFO - Processed The_era_of_climate_crisis_in_Nepal__A_call_for_urgent_action___CGIAR.txt with detected language: en
2025-05-01 22:27:34,913 - INFO - Processed United_In_the_Face_of_Disaster__Nepal_Navigates_Climate_Risks___United_Nations_S.txt with detected language: en
2025-05-01 22:27:34,942 - INFO - Processed Wildfires_are_raging_in_Nepal___climate_change_isn_t_the_only_culprit___Nature.txt with detected language: en
2025-05-01 22:27:34,959 - INFO - Processed _The_world_is_facing_a_child_rights_crisis____The_Himalayan_Times.txt with detected language: en
2025-05-01 22:27:34,967 - INFO - Processed _This_app_saved_my_farm___How_technology_is_helping_Nepali_farmers_fight_climate.txt with detected language: en
2025-05-01 22:27:34,967 - INFO - Language detection output saved at D:\AI\assignment\Eighth Project\capstone-project-pikuz4m31\nlp\nlp\models\trained_model\language_model\detected_languages.txt
2025-05-01 22:28:55,584 - INFO - Processed Activists_blame_policy_failures_over_climate_change_for_Nepal_Terai_s_water_cris.txt with detected language: en
2025-05-01 22:28:55,628 - INFO - Processed Application_Open_for_a_Capacity_Building_and_Reporting_Opportunity_on_Climate_Ch.txt with detected language: en
2025-05-01 22:28:55,674 - INFO - Processed A_desert_4_000m_in_the_sky__Nepal_s_health_workers_reach_some_of_the_world_s_mos.txt with detected language: en
2025-05-01 22:28:55,700 - INFO - Processed A_village_in_Nepal_faces_the_wrath_of_climate_change___Asia_News_Network.txt with detected language: en
2025-05-01 22:28:55,712 - INFO - Processed Children_and_Youth_at_the_Center_of_Nepal_s_Climate_Change_Agenda___radionepalon.txt with detected language: en
2025-05-01 22:28:55,739 - INFO - Processed Climate_Change_Amplified_the_Effects_of_Extreme_Rainfall_in_Nepal___eos_org.txt with detected language: en
2025-05-01 22:28:55,774 - INFO - Processed Climate_change_and_its_silent_impact_on_sexual_and_reproductive_health_in_Nepal_.txt with detected language: en
2025-05-01 22:28:55,789 - INFO - Processed Climate_change_could_erase_Nepal_s_snow_leopards_in_three_decades__study_warns__.txt with detected language: en
2025-05-01 22:28:55,811 - INFO - Processed Climate_change_intensifying_extreme_weather_in_Nepal__warns_ICIMOD___Down_To_Ear.txt with detected language: en
2025-05-01 22:28:55,834 - INFO - Processed Climate_change_made_downpours_behind_deadly_Nepal_floods_10__more_intense___Stud.txt with detected language: en
2025-05-01 22:28:55,858 - INFO - Processed Climate_Change_Made_Nepal_Floods_70__More_Likely__Experts_Say___Earth_Org.txt with detected language: en
2025-05-01 22:28:55,871 - INFO - Processed Climate_change_sees_Nepalese_farmers_return_to_indigenous_crops___Ucanews.txt with detected language: en
2025-05-01 22:28:55,890 - INFO - Processed Climate_crisis_stings_Nepal_s_honey_gatherers__threatens_tradition___Al_Jazeera.txt with detected language: en
2025-05-01 22:28:55,925 - INFO - Processed Climate_migration_amplifies_gender_inequalities___Nepal___ReliefWeb.txt with detected language: en
2025-05-01 22:28:55,930 - INFO - Processed Enhancing_the_resilience_of_food_production_systems_for_food_and_nutritional_sec.txt with detected language: en
2025-05-01 22:28:55,940 - INFO - Processed Gender_Integration_in_Climate_Change_and_Agricultural_Policies__The_Case_of_Nepa.txt with detected language: en
2025-05-01 22:28:55,969 - INFO - Processed How_climate_change_has_hit_Nepali_kitchens___Asia_News_Network.txt with detected language: en
2025-05-01 22:28:55,975 - INFO - Processed Human_induced_climate_change_behind_recent_flooding_disasters_in_Nepal___Busines.txt with detected language: en
2025-05-01 22:28:55,982 - INFO - Processed Hybrid_knowledge_and_climate_resilient_agriculture_practices_of_the_Tharu_in_the.txt with detected language: en
2025-05-01 22:28:55,990 - INFO - Processed Indigenous_people_s_perception_of_indigenous_agricultural_knowledge_for_climate_.txt with detected language: en
2025-05-01 22:28:56,037 - INFO - Processed In_Nepal__climate_change_is_shadowed_by_two_decades_of_surging_dengue___Gavi__th.txt with detected language: en
2025-05-01 22:28:56,053 - INFO - Processed In_Nepal__climate_change_threatens_honey_hunters__tradition___dw_com.txt with detected language: en
2025-05-01 22:28:56,075 - INFO - Processed Living_with_climate_change___Unicef.txt with detected language: en
2025-05-01 22:28:56,090 - INFO - Processed Migration__Environment_and_Climate_Change_Nexus_in_Nepal__Policy_Brief__EN_NE___.txt with detected language: en
2025-05-01 22:28:56,095 - INFO - Processed Nepal_National_Climate_Change_Policy_2019___PreventionWeb_net.txt with detected language: en
2025-05-01 22:28:56,119 - INFO - Processed Nepal_rains_intensified_by_human_induced_climate_change__scientists___National_H.txt with detected language: en
2025-05-01 22:28:56,154 - INFO - Processed Nepal_says_China_withholds__essential__info_on_bursting_Himalayan_glacial_lakes_.txt with detected language: en
2025-05-01 22:28:56,165 - INFO - Processed Nepal_s_deadly_floods_trigger_calls_for_climate_adaptation___Mongabay.txt with detected language: en
2025-05-01 22:28:56,171 - INFO - Processed Nepal_s_Mountain_Communities_Contemplate_the_End_of__Himalayan_Gold____The_Diplo.txt with detected language: en
2025-05-01 22:28:56,191 - INFO - Processed Nepal___Country_Climate_and_Development_Report___International_Finance_Corporati.txt with detected language: en
2025-05-01 22:28:56,209 - INFO - Processed Rapid_urbanisation_and_climate_change_key_drivers_of_dramatic_flood_impacts_in_N.txt with detected language: en
2025-05-01 22:28:56,230 - INFO - Processed Research_on_Human_Security_Centred_and_Gender_Responsive_Migration__Environment_.txt with detected language: en
2025-05-01 22:28:56,240 - INFO - Processed Rethinking_Climate_Finance_to_Work_for_Women_in_Nepal_s_Coffee_and_Pashmina_Valu.txt with detected language: en
2025-05-01 22:28:56,267 - INFO - Processed Silenced__Women_s_Many_Layered_Struggles_for_Climate_Justice_in_Nepal___Global_I.txt with detected language: en
2025-05-01 22:28:56,300 - INFO - Processed Strengthening_a_Climate_Smart__Green__and_Resilient_Education_System_in_Nepal___.txt with detected language: en
2025-05-01 22:28:56,332 - INFO - Processed The_era_of_climate_crisis_in_Nepal__A_call_for_urgent_action___CGIAR.txt with detected language: en
2025-05-01 22:28:56,340 - INFO - Processed United_In_the_Face_of_Disaster__Nepal_Navigates_Climate_Risks___United_Nations_S.txt with detected language: en
2025-05-01 22:28:56,377 - INFO - Processed Wildfires_are_raging_in_Nepal___climate_change_isn_t_the_only_culprit___Nature.txt with detected language: en
2025-05-01 22:28:56,395 - INFO - Processed _The_world_is_facing_a_child_rights_crisis____The_Himalayan_Times.txt with detected language: en
2025-05-01 22:28:56,405 - INFO - Processed _This_app_saved_my_farm___How_technology_is_helping_Nepali_farmers_fight_climate.txt with detected language: en
2025-05-01 22:28:56,408 - INFO - Language detection output saved at D:\AI\assignment\Eighth Project\capstone-project-pikuz4m31\nlp\nlp\models\trained_model\language_model\detected_languages.txt
2025-05-01 22:30:16,919 - INFO - Processed Activists_blame_policy_failures_over_climate_change_for_Nepal_Terai_s_water_cris.txt with detected language: en
2025-05-01 22:30:16,965 - INFO - Processed Application_Open_for_a_Capacity_Building_and_Reporting_Opportunity_on_Climate_Ch.txt with detected language: en
2025-05-01 22:30:17,005 - INFO - Processed A_desert_4_000m_in_the_sky__Nepal_s_health_workers_reach_some_of_the_world_s_mos.txt with detected language: en
2025-05-01 22:30:17,035 - INFO - Processed A_village_in_Nepal_faces_the_wrath_of_climate_change___Asia_News_Network.txt with detected language: en
2025-05-01 22:30:17,048 - INFO - Processed Children_and_Youth_at_the_Center_of_Nepal_s_Climate_Change_Agenda___radionepalon.txt with detected language: en
2025-05-01 22:30:17,075 - INFO - Processed Climate_Change_Amplified_the_Effects_of_Extreme_Rainfall_in_Nepal___eos_org.txt with detected language: en
2025-05-01 22:30:17,110 - INFO - Processed Climate_change_and_its_silent_impact_on_sexual_and_reproductive_health_in_Nepal_.txt with detected language: en
2025-05-01 22:30:17,125 - INFO - Processed Climate_change_could_erase_Nepal_s_snow_leopards_in_three_decades__study_warns__.txt with detected language: en
2025-05-01 22:30:17,149 - INFO - Processed Climate_change_intensifying_extreme_weather_in_Nepal__warns_ICIMOD___Down_To_Ear.txt with detected language: en
2025-05-01 22:30:17,160 - INFO - Processed Climate_change_made_downpours_behind_deadly_Nepal_floods_10__more_intense___Stud.txt with detected language: en
2025-05-01 22:30:17,178 - INFO - Processed Climate_Change_Made_Nepal_Floods_70__More_Likely__Experts_Say___Earth_Org.txt with detected language: en
2025-05-01 22:30:17,188 - INFO - Processed Climate_change_sees_Nepalese_farmers_return_to_indigenous_crops___Ucanews.txt with detected language: en
2025-05-01 22:30:17,208 - INFO - Processed Climate_crisis_stings_Nepal_s_honey_gatherers__threatens_tradition___Al_Jazeera.txt with detected language: en
2025-05-01 22:30:17,260 - INFO - Processed Climate_migration_amplifies_gender_inequalities___Nepal___ReliefWeb.txt with detected language: en
2025-05-01 22:30:17,268 - INFO - Processed Enhancing_the_resilience_of_food_production_systems_for_food_and_nutritional_sec.txt with detected language: en
2025-05-01 22:30:17,275 - INFO - Processed Gender_Integration_in_Climate_Change_and_Agricultural_Policies__The_Case_of_Nepa.txt with detected language: en
2025-05-01 22:30:17,306 - INFO - Processed How_climate_change_has_hit_Nepali_kitchens___Asia_News_Network.txt with detected language: en
2025-05-01 22:30:17,307 - INFO - Processed Human_induced_climate_change_behind_recent_flooding_disasters_in_Nepal___Busines.txt with detected language: en
2025-05-01 22:30:17,326 - INFO - Processed Hybrid_knowledge_and_climate_resilient_agriculture_practices_of_the_Tharu_in_the.txt with detected language: en
2025-05-01 22:30:17,328 - INFO - Processed Indigenous_people_s_perception_of_indigenous_agricultural_knowledge_for_climate_.txt with detected language: en
2025-05-01 22:30:17,408 - INFO - Processed In_Nepal__climate_change_is_shadowed_by_two_decades_of_surging_dengue___Gavi__th.txt with detected language: en
2025-05-01 22:30:17,425 - INFO - Processed In_Nepal__climate_change_threatens_honey_hunters__tradition___dw_com.txt with detected language: en
2025-05-01 22:30:17,448 - INFO - Processed Living_with_climate_change___Unicef.txt with detected language: en
2025-05-01 22:30:17,456 - INFO - Processed Migration__Environment_and_Climate_Change_Nexus_in_Nepal__Policy_Brief__EN_NE___.txt with detected language: en
2025-05-01 22:30:17,467 - INFO - Processed Nepal_National_Climate_Change_Policy_2019___PreventionWeb_net.txt with detected language: en
2025-05-01 22:30:17,487 - INFO - Processed Nepal_rains_intensified_by_human_induced_climate_change__scientists___National_H.txt with detected language: en
2025-05-01 22:30:17,518 - INFO - Processed Nepal_says_China_withholds__essential__info_on_bursting_Himalayan_glacial_lakes_.txt with detected language: en
2025-05-01 22:30:17,535 - INFO - Processed Nepal_s_deadly_floods_trigger_calls_for_climate_adaptation___Mongabay.txt with detected language: en
2025-05-01 22:30:17,540 - INFO - Processed Nepal_s_Mountain_Communities_Contemplate_the_End_of__Himalayan_Gold____The_Diplo.txt with detected language: en
2025-05-01 22:30:17,560 - INFO - Processed Nepal___Country_Climate_and_Development_Report___International_Finance_Corporati.txt with detected language: en
2025-05-01 22:30:17,580 - INFO - Processed Rapid_urbanisation_and_climate_change_key_drivers_of_dramatic_flood_impacts_in_N.txt with detected language: en
2025-05-01 22:30:17,595 - INFO - Processed Research_on_Human_Security_Centred_and_Gender_Responsive_Migration__Environment_.txt with detected language: en
2025-05-01 22:30:17,600 - INFO - Processed Rethinking_Climate_Finance_to_Work_for_Women_in_Nepal_s_Coffee_and_Pashmina_Valu.txt with detected language: en
2025-05-01 22:30:17,618 - INFO - Processed Silenced__Women_s_Many_Layered_Struggles_for_Climate_Justice_in_Nepal___Global_I.txt with detected language: en
2025-05-01 22:30:17,649 - INFO - Processed Strengthening_a_Climate_Smart__Green__and_Resilient_Education_System_in_Nepal___.txt with detected language: en
2025-05-01 22:30:17,675 - INFO - Processed The_era_of_climate_crisis_in_Nepal__A_call_for_urgent_action___CGIAR.txt with detected language: en
2025-05-01 22:30:17,682 - INFO - Processed United_In_the_Face_of_Disaster__Nepal_Navigates_Climate_Risks___United_Nations_S.txt with detected language: en
2025-05-01 22:30:17,705 - INFO - Processed Wildfires_are_raging_in_Nepal___climate_change_isn_t_the_only_culprit___Nature.txt with detected language: en
2025-05-01 22:30:17,720 - INFO - Processed _The_world_is_facing_a_child_rights_crisis____The_Himalayan_Times.txt with detected language: en
2025-05-01 22:30:17,725 - INFO - Processed _This_app_saved_my_farm___How_technology_is_helping_Nepali_farmers_fight_climate.txt with detected language: en
2025-05-01 22:30:17,730 - INFO - Language detection output saved at D:\AI\assignment\Eighth Project\capstone-project-pikuz4m31\nlp\nlp\models\trained_model\language_model\detected_languages.txt
2025-05-01 22:30:46,205 - INFO - Processed Activists_blame_policy_failures_over_climate_change_for_Nepal_Terai_s_water_cris.txt with detected language: en
2025-05-01 22:30:46,238 - INFO - Processed Application_Open_for_a_Capacity_Building_and_Reporting_Opportunity_on_Climate_Ch.txt with detected language: en
2025-05-01 22:30:46,276 - INFO - Processed A_desert_4_000m_in_the_sky__Nepal_s_health_workers_reach_some_of_the_world_s_mos.txt with detected language: en
2025-05-01 22:30:46,305 - INFO - Processed A_village_in_Nepal_faces_the_wrath_of_climate_change___Asia_News_Network.txt with detected language: en
2025-05-01 22:30:46,316 - INFO - Processed Children_and_Youth_at_the_Center_of_Nepal_s_Climate_Change_Agenda___radionepalon.txt with detected language: en
2025-05-01 22:30:46,325 - INFO - Processed Climate_Change_Amplified_the_Effects_of_Extreme_Rainfall_in_Nepal___eos_org.txt with detected language: en
2025-05-01 22:30:46,366 - INFO - Processed Climate_change_and_its_silent_impact_on_sexual_and_reproductive_health_in_Nepal_.txt with detected language: en
2025-05-01 22:30:46,366 - INFO - Processed Climate_change_could_erase_Nepal_s_snow_leopards_in_three_decades__study_warns__.txt with detected language: en
2025-05-01 22:30:46,385 - INFO - Processed Climate_change_intensifying_extreme_weather_in_Nepal__warns_ICIMOD___Down_To_Ear.txt with detected language: en
2025-05-01 22:30:46,405 - INFO - Processed Climate_change_made_downpours_behind_deadly_Nepal_floods_10__more_intense___Stud.txt with detected language: en
2025-05-01 22:30:46,420 - INFO - Processed Climate_Change_Made_Nepal_Floods_70__More_Likely__Experts_Say___Earth_Org.txt with detected language: en
2025-05-01 22:30:46,426 - INFO - Processed Climate_change_sees_Nepalese_farmers_return_to_indigenous_crops___Ucanews.txt with detected language: en
2025-05-01 22:30:46,450 - INFO - Processed Climate_crisis_stings_Nepal_s_honey_gatherers__threatens_tradition___Al_Jazeera.txt with detected language: en
2025-05-01 22:30:46,485 - INFO - Processed Climate_migration_amplifies_gender_inequalities___Nepal___ReliefWeb.txt with detected language: en
2025-05-01 22:30:46,498 - INFO - Processed Enhancing_the_resilience_of_food_production_systems_for_food_and_nutritional_sec.txt with detected language: en
2025-05-01 22:30:46,515 - INFO - Processed Gender_Integration_in_Climate_Change_and_Agricultural_Policies__The_Case_of_Nepa.txt with detected language: en
2025-05-01 22:30:46,535 - INFO - Processed How_climate_change_has_hit_Nepali_kitchens___Asia_News_Network.txt with detected language: en
2025-05-01 22:30:46,540 - INFO - Processed Human_induced_climate_change_behind_recent_flooding_disasters_in_Nepal___Busines.txt with detected language: en
2025-05-01 22:30:46,548 - INFO - Processed Hybrid_knowledge_and_climate_resilient_agriculture_practices_of_the_Tharu_in_the.txt with detected language: en
2025-05-01 22:30:46,555 - INFO - Processed Indigenous_people_s_perception_of_indigenous_agricultural_knowledge_for_climate_.txt with detected language: en
2025-05-01 22:30:46,585 - INFO - Processed In_Nepal__climate_change_is_shadowed_by_two_decades_of_surging_dengue___Gavi__th.txt with detected language: en
2025-05-01 22:30:46,598 - INFO - Processed In_Nepal__climate_change_threatens_honey_hunters__tradition___dw_com.txt with detected language: en
2025-05-01 22:30:46,620 - INFO - Processed Living_with_climate_change___Unicef.txt with detected language: en
2025-05-01 22:30:46,635 - INFO - Processed Migration__Environment_and_Climate_Change_Nexus_in_Nepal__Policy_Brief__EN_NE___.txt with detected language: en
2025-05-01 22:30:46,655 - INFO - Processed Nepal_National_Climate_Change_Policy_2019___PreventionWeb_net.txt with detected language: en
2025-05-01 22:30:46,696 - INFO - Processed Nepal_rains_intensified_by_human_induced_climate_change__scientists___National_H.txt with detected language: en
2025-05-01 22:30:46,781 - INFO - Processed Nepal_says_China_withholds__essential__info_on_bursting_Himalayan_glacial_lakes_.txt with detected language: en
2025-05-01 22:30:46,789 - INFO - Processed Nepal_s_deadly_floods_trigger_calls_for_climate_adaptation___Mongabay.txt with detected language: en
2025-05-01 22:30:46,798 - INFO - Processed Nepal_s_Mountain_Communities_Contemplate_the_End_of__Himalayan_Gold____The_Diplo.txt with detected language: en
2025-05-01 22:30:46,820 - INFO - Processed Nepal___Country_Climate_and_Development_Report___International_Finance_Corporati.txt with detected language: en
2025-05-01 22:30:46,846 - INFO - Processed Rapid_urbanisation_and_climate_change_key_drivers_of_dramatic_flood_impacts_in_N.txt with detected language: en
2025-05-01 22:30:46,855 - INFO - Processed Research_on_Human_Security_Centred_and_Gender_Responsive_Migration__Environment_.txt with detected language: en
2025-05-01 22:30:46,860 - INFO - Processed Rethinking_Climate_Finance_to_Work_for_Women_in_Nepal_s_Coffee_and_Pashmina_Valu.txt with detected language: en
2025-05-01 22:30:46,880 - INFO - Processed Silenced__Women_s_Many_Layered_Struggles_for_Climate_Justice_in_Nepal___Global_I.txt with detected language: en
2025-05-01 22:30:46,921 - INFO - Processed Strengthening_a_Climate_Smart__Green__and_Resilient_Education_System_in_Nepal___.txt with detected language: en
2025-05-01 22:30:46,947 - INFO - Processed The_era_of_climate_crisis_in_Nepal__A_call_for_urgent_action___CGIAR.txt with detected language: en
2025-05-01 22:30:46,948 - INFO - Processed United_In_the_Face_of_Disaster__Nepal_Navigates_Climate_Risks___United_Nations_S.txt with detected language: en
2025-05-01 22:30:46,975 - INFO - Processed Wildfires_are_raging_in_Nepal___climate_change_isn_t_the_only_culprit___Nature.txt with detected language: en
2025-05-01 22:30:46,985 - INFO - Processed _The_world_is_facing_a_child_rights_crisis____The_Himalayan_Times.txt with detected language: en
2025-05-01 22:30:46,997 - INFO - Processed _This_app_saved_my_farm___How_technology_is_helping_Nepali_farmers_fight_climate.txt with detected language: en
2025-05-01 22:30:46,999 - INFO - Language detection output saved at D:\AI\assignment\Eighth Project\capstone-project-pikuz4m31\nlp\nlp\models\trained_model\language_model\detected_languages.txt
2025-05-01 22:32:17,066 - INFO - Processed Activists_blame_policy_failures_over_climate_change_for_Nepal_Terai_s_water_cris.txt with detected language: en
2025-05-01 22:32:17,101 - INFO - Processed Application_Open_for_a_Capacity_Building_and_Reporting_Opportunity_on_Climate_Ch.txt with detected language: en
2025-05-01 22:32:17,141 - INFO - Processed A_desert_4_000m_in_the_sky__Nepal_s_health_workers_reach_some_of_the_world_s_mos.txt with detected language: en
2025-05-01 22:32:17,160 - INFO - Processed A_village_in_Nepal_faces_the_wrath_of_climate_change___Asia_News_Network.txt with detected language: en
2025-05-01 22:32:17,170 - INFO - Processed Children_and_Youth_at_the_Center_of_Nepal_s_Climate_Change_Agenda___radionepalon.txt with detected language: en
2025-05-01 22:32:17,187 - INFO - Processed Climate_Change_Amplified_the_Effects_of_Extreme_Rainfall_in_Nepal___eos_org.txt with detected language: en
2025-05-01 22:32:17,225 - INFO - Processed Climate_change_and_its_silent_impact_on_sexual_and_reproductive_health_in_Nepal_.txt with detected language: en
2025-05-01 22:32:17,237 - INFO - Processed Climate_change_could_erase_Nepal_s_snow_leopards_in_three_decades__study_warns__.txt with detected language: en
2025-05-01 22:32:17,261 - INFO - Processed Climate_change_intensifying_extreme_weather_in_Nepal__warns_ICIMOD___Down_To_Ear.txt with detected language: en
2025-05-01 22:32:17,276 - INFO - Processed Climate_change_made_downpours_behind_deadly_Nepal_floods_10__more_intense___Stud.txt with detected language: en
2025-05-01 22:32:17,296 - INFO - Processed Climate_Change_Made_Nepal_Floods_70__More_Likely__Experts_Say___Earth_Org.txt with detected language: en
2025-05-01 22:32:17,306 - INFO - Processed Climate_change_sees_Nepalese_farmers_return_to_indigenous_crops___Ucanews.txt with detected language: en
2025-05-01 22:32:17,322 - INFO - Processed Climate_crisis_stings_Nepal_s_honey_gatherers__threatens_tradition___Al_Jazeera.txt with detected language: en
2025-05-01 22:32:17,360 - INFO - Processed Climate_migration_amplifies_gender_inequalities___Nepal___ReliefWeb.txt with detected language: en
2025-05-01 22:32:17,365 - INFO - Processed Enhancing_the_resilience_of_food_production_systems_for_food_and_nutritional_sec.txt with detected language: en
2025-05-01 22:32:17,370 - INFO - Processed Gender_Integration_in_Climate_Change_and_Agricultural_Policies__The_Case_of_Nepa.txt with detected language: en
2025-05-01 22:32:17,398 - INFO - Processed How_climate_change_has_hit_Nepali_kitchens___Asia_News_Network.txt with detected language: en
2025-05-01 22:32:17,406 - INFO - Processed Human_induced_climate_change_behind_recent_flooding_disasters_in_Nepal___Busines.txt with detected language: en
2025-05-01 22:32:17,412 - INFO - Processed Hybrid_knowledge_and_climate_resilient_agriculture_practices_of_the_Tharu_in_the.txt with detected language: en
2025-05-01 22:32:17,420 - INFO - Processed Indigenous_people_s_perception_of_indigenous_agricultural_knowledge_for_climate_.txt with detected language: en
2025-05-01 22:32:17,455 - INFO - Processed In_Nepal__climate_change_is_shadowed_by_two_decades_of_surging_dengue___Gavi__th.txt with detected language: en
2025-05-01 22:32:17,465 - INFO - Processed In_Nepal__climate_change_threatens_honey_hunters__tradition___dw_com.txt with detected language: en
2025-05-01 22:32:17,501 - INFO - Processed Living_with_climate_change___Unicef.txt with detected language: en
2025-05-01 22:32:17,519 - INFO - Processed Migration__Environment_and_Climate_Change_Nexus_in_Nepal__Policy_Brief__EN_NE___.txt with detected language: en
2025-05-01 22:32:17,531 - INFO - Processed Nepal_National_Climate_Change_Policy_2019___PreventionWeb_net.txt with detected language: en
2025-05-01 22:32:17,546 - INFO - Processed Nepal_rains_intensified_by_human_induced_climate_change__scientists___National_H.txt with detected language: en
2025-05-01 22:32:17,580 - INFO - Processed Nepal_says_China_withholds__essential__info_on_bursting_Himalayan_glacial_lakes_.txt with detected language: en
2025-05-01 22:32:17,594 - INFO - Processed Nepal_s_deadly_floods_trigger_calls_for_climate_adaptation___Mongabay.txt with detected language: en
2025-05-01 22:32:17,598 - INFO - Processed Nepal_s_Mountain_Communities_Contemplate_the_End_of__Himalayan_Gold____The_Diplo.txt with detected language: en
2025-05-01 22:32:17,618 - INFO - Processed Nepal___Country_Climate_and_Development_Report___International_Finance_Corporati.txt with detected language: en
2025-05-01 22:32:17,639 - INFO - Processed Rapid_urbanisation_and_climate_change_key_drivers_of_dramatic_flood_impacts_in_N.txt with detected language: en
2025-05-01 22:32:17,660 - INFO - Processed Research_on_Human_Security_Centred_and_Gender_Responsive_Migration__Environment_.txt with detected language: en
2025-05-01 22:32:17,667 - INFO - Processed Rethinking_Climate_Finance_to_Work_for_Women_in_Nepal_s_Coffee_and_Pashmina_Valu.txt with detected language: en
2025-05-01 22:32:17,693 - INFO - Processed Silenced__Women_s_Many_Layered_Struggles_for_Climate_Justice_in_Nepal___Global_I.txt with detected language: en
2025-05-01 22:32:17,726 - INFO - Processed Strengthening_a_Climate_Smart__Green__and_Resilient_Education_System_in_Nepal___.txt with detected language: en
2025-05-01 22:32:17,761 - INFO - Processed The_era_of_climate_crisis_in_Nepal__A_call_for_urgent_action___CGIAR.txt with detected language: en
2025-05-01 22:32:17,766 - INFO - Processed United_In_the_Face_of_Disaster__Nepal_Navigates_Climate_Risks___United_Nations_S.txt with detected language: en
2025-05-01 22:32:17,786 - INFO - Processed Wildfires_are_raging_in_Nepal___climate_change_isn_t_the_only_culprit___Nature.txt with detected language: en
2025-05-01 22:32:17,808 - INFO - Processed _The_world_is_facing_a_child_rights_crisis____The_Himalayan_Times.txt with detected language: en
2025-05-01 22:32:17,815 - INFO - Processed _This_app_saved_my_farm___How_technology_is_helping_Nepali_farmers_fight_climate.txt with detected language: en
2025-05-01 22:32:17,816 - INFO - Language detection output saved at D:\AI\assignment\Eighth Project\capstone-project-pikuz4m31\nlp\trained_model\language_model\detected_languages.txt
2025-05-01 22:33:23,796 - INFO - Processed Activists_blame_policy_failures_over_climate_change_for_Nepal_Terai_s_water_cris.txt with detected language: en
2025-05-01 22:33:23,837 - INFO - Processed Application_Open_for_a_Capacity_Building_and_Reporting_Opportunity_on_Climate_Ch.txt with detected language: en
2025-05-01 22:33:23,874 - INFO - Processed A_desert_4_000m_in_the_sky__Nepal_s_health_workers_reach_some_of_the_world_s_mos.txt with detected language: en
2025-05-01 22:33:23,895 - INFO - Processed A_village_in_Nepal_faces_the_wrath_of_climate_change___Asia_News_Network.txt with detected language: en
2025-05-01 22:33:23,906 - INFO - Processed Children_and_Youth_at_the_Center_of_Nepal_s_Climate_Change_Agenda___radionepalon.txt with detected language: en
2025-05-01 22:33:23,923 - INFO - Processed Climate_Change_Amplified_the_Effects_of_Extreme_Rainfall_in_Nepal___eos_org.txt with detected language: en
2025-05-01 22:33:23,956 - INFO - Processed Climate_change_and_its_silent_impact_on_sexual_and_reproductive_health_in_Nepal_.txt with detected language: en
2025-05-01 22:33:23,967 - INFO - Processed Climate_change_could_erase_Nepal_s_snow_leopards_in_three_decades__study_warns__.txt with detected language: en
2025-05-01 22:33:23,991 - INFO - Processed Climate_change_intensifying_extreme_weather_in_Nepal__warns_ICIMOD___Down_To_Ear.txt with detected language: en
2025-05-01 22:33:24,006 - INFO - Processed Climate_change_made_downpours_behind_deadly_Nepal_floods_10__more_intense___Stud.txt with detected language: en
2025-05-01 22:33:24,036 - INFO - Processed Climate_Change_Made_Nepal_Floods_70__More_Likely__Experts_Say___Earth_Org.txt with detected language: en
2025-05-01 22:33:24,042 - INFO - Processed Climate_change_sees_Nepalese_farmers_return_to_indigenous_crops___Ucanews.txt with detected language: en
2025-05-01 22:33:24,062 - INFO - Processed Climate_crisis_stings_Nepal_s_honey_gatherers__threatens_tradition___Al_Jazeera.txt with detected language: en
2025-05-01 22:33:24,106 - INFO - Processed Climate_migration_amplifies_gender_inequalities___Nepal___ReliefWeb.txt with detected language: en
2025-05-01 22:33:24,111 - INFO - Processed Enhancing_the_resilience_of_food_production_systems_for_food_and_nutritional_sec.txt with detected language: en
2025-05-01 22:33:24,115 - INFO - Processed Gender_Integration_in_Climate_Change_and_Agricultural_Policies__The_Case_of_Nepa.txt with detected language: en
2025-05-01 22:33:24,142 - INFO - Processed How_climate_change_has_hit_Nepali_kitchens___Asia_News_Network.txt with detected language: en
2025-05-01 22:33:24,152 - INFO - Processed Human_induced_climate_change_behind_recent_flooding_disasters_in_Nepal___Busines.txt with detected language: en
2025-05-01 22:33:24,158 - INFO - Processed Hybrid_knowledge_and_climate_resilient_agriculture_practices_of_the_Tharu_in_the.txt with detected language: en
2025-05-01 22:33:24,163 - INFO - Processed Indigenous_people_s_perception_of_indigenous_agricultural_knowledge_for_climate_.txt with detected language: en
2025-05-01 22:33:24,203 - INFO - Processed In_Nepal__climate_change_is_shadowed_by_two_decades_of_surging_dengue___Gavi__th.txt with detected language: en
2025-05-01 22:33:24,212 - INFO - Processed In_Nepal__climate_change_threatens_honey_hunters__tradition___dw_com.txt with detected language: en
2025-05-01 22:33:24,232 - INFO - Processed Living_with_climate_change___Unicef.txt with detected language: en
2025-05-01 22:33:24,261 - INFO - Processed Migration__Environment_and_Climate_Change_Nexus_in_Nepal__Policy_Brief__EN_NE___.txt with detected language: en
2025-05-01 22:33:24,270 - INFO - Processed Nepal_National_Climate_Change_Policy_2019___PreventionWeb_net.txt with detected language: en
2025-05-01 22:33:24,292 - INFO - Processed Nepal_rains_intensified_by_human_induced_climate_change__scientists___National_H.txt with detected language: en
2025-05-01 22:33:24,325 - INFO - Processed Nepal_says_China_withholds__essential__info_on_bursting_Himalayan_glacial_lakes_.txt with detected language: en
2025-05-01 22:33:24,340 - INFO - Processed Nepal_s_deadly_floods_trigger_calls_for_climate_adaptation___Mongabay.txt with detected language: en
2025-05-01 22:33:24,345 - INFO - Processed Nepal_s_Mountain_Communities_Contemplate_the_End_of__Himalayan_Gold____The_Diplo.txt with detected language: en
2025-05-01 22:33:24,370 - INFO - Processed Nepal___Country_Climate_and_Development_Report___International_Finance_Corporati.txt with detected language: en
2025-05-01 22:33:24,393 - INFO - Processed Rapid_urbanisation_and_climate_change_key_drivers_of_dramatic_flood_impacts_in_N.txt with detected language: en
2025-05-01 22:33:24,405 - INFO - Processed Research_on_Human_Security_Centred_and_Gender_Responsive_Migration__Environment_.txt with detected language: en
2025-05-01 22:33:24,408 - INFO - Processed Rethinking_Climate_Finance_to_Work_for_Women_in_Nepal_s_Coffee_and_Pashmina_Valu.txt with detected language: en
2025-05-01 22:33:24,432 - INFO - Processed Silenced__Women_s_Many_Layered_Struggles_for_Climate_Justice_in_Nepal___Global_I.txt with detected language: en
2025-05-01 22:33:24,462 - INFO - Processed Strengthening_a_Climate_Smart__Green__and_Resilient_Education_System_in_Nepal___.txt with detected language: en
2025-05-01 22:33:24,493 - INFO - Processed The_era_of_climate_crisis_in_Nepal__A_call_for_urgent_action___CGIAR.txt with detected language: en
2025-05-01 22:33:24,502 - INFO - Processed United_In_the_Face_of_Disaster__Nepal_Navigates_Climate_Risks___United_Nations_S.txt with detected language: en
2025-05-01 22:33:24,527 - INFO - Processed Wildfires_are_raging_in_Nepal___climate_change_isn_t_the_only_culprit___Nature.txt with detected language: en
2025-05-01 22:33:24,549 - INFO - Processed _The_world_is_facing_a_child_rights_crisis____The_Himalayan_Times.txt with detected language: en
2025-05-01 22:33:24,557 - INFO - Processed _This_app_saved_my_farm___How_technology_is_helping_Nepali_farmers_fight_climate.txt with detected language: en
2025-05-01 22:33:24,559 - INFO - Language detection output saved at D:\AI\assignment\Eighth Project\capstone-project-pikuz4m31\nlp\models\trained_model\language_model\detected_languages.txt
2025-05-01 22:36:24,892 - INFO - Processed Activists_blame_policy_failures_over_climate_change_for_Nepal_Terai_s_water_cris.txt with detected language: en
2025-05-01 22:36:24,937 - INFO - Processed Application_Open_for_a_Capacity_Building_and_Reporting_Opportunity_on_Climate_Ch.txt with detected language: en
2025-05-01 22:36:24,977 - INFO - Processed A_desert_4_000m_in_the_sky__Nepal_s_health_workers_reach_some_of_the_world_s_mos.txt with detected language: en
2025-05-01 22:36:25,007 - INFO - Processed A_village_in_Nepal_faces_the_wrath_of_climate_change___Asia_News_Network.txt with detected language: en
2025-05-01 22:36:25,015 - INFO - Processed Children_and_Youth_at_the_Center_of_Nepal_s_Climate_Change_Agenda___radionepalon.txt with detected language: en
2025-05-01 22:36:25,032 - INFO - Processed Climate_Change_Amplified_the_Effects_of_Extreme_Rainfall_in_Nepal___eos_org.txt with detected language: en
2025-05-01 22:36:25,065 - INFO - Processed Climate_change_and_its_silent_impact_on_sexual_and_reproductive_health_in_Nepal_.txt with detected language: en
2025-05-01 22:36:25,072 - INFO - Processed Climate_change_could_erase_Nepal_s_snow_leopards_in_three_decades__study_warns__.txt with detected language: en
2025-05-01 22:36:25,099 - INFO - Processed Climate_change_intensifying_extreme_weather_in_Nepal__warns_ICIMOD___Down_To_Ear.txt with detected language: en
2025-05-01 22:36:25,114 - INFO - Processed Climate_change_made_downpours_behind_deadly_Nepal_floods_10__more_intense___Stud.txt with detected language: en
2025-05-01 22:36:25,132 - INFO - Processed Climate_Change_Made_Nepal_Floods_70__More_Likely__Experts_Say___Earth_Org.txt with detected language: en
2025-05-01 22:36:25,142 - INFO - Processed Climate_change_sees_Nepalese_farmers_return_to_indigenous_crops___Ucanews.txt with detected language: en
2025-05-01 22:36:25,153 - INFO - Processed Climate_crisis_stings_Nepal_s_honey_gatherers__threatens_tradition___Al_Jazeera.txt with detected language: en
2025-05-01 22:36:25,187 - INFO - Processed Climate_migration_amplifies_gender_inequalities___Nepal___ReliefWeb.txt with detected language: en
2025-05-01 22:36:25,193 - INFO - Processed Enhancing_the_resilience_of_food_production_systems_for_food_and_nutritional_sec.txt with detected language: en
2025-05-01 22:36:25,197 - INFO - Processed Gender_Integration_in_Climate_Change_and_Agricultural_Policies__The_Case_of_Nepa.txt with detected language: en
2025-05-01 22:36:25,222 - INFO - Processed How_climate_change_has_hit_Nepali_kitchens___Asia_News_Network.txt with detected language: en
2025-05-01 22:36:25,232 - INFO - Processed Human_induced_climate_change_behind_recent_flooding_disasters_in_Nepal___Busines.txt with detected language: en
2025-05-01 22:36:25,235 - INFO - Processed Hybrid_knowledge_and_climate_resilient_agriculture_practices_of_the_Tharu_in_the.txt with detected language: en
2025-05-01 22:36:25,244 - INFO - Processed Indigenous_people_s_perception_of_indigenous_agricultural_knowledge_for_climate_.txt with detected language: en
2025-05-01 22:36:25,272 - INFO - Processed In_Nepal__climate_change_is_shadowed_by_two_decades_of_surging_dengue___Gavi__th.txt with detected language: en
2025-05-01 22:36:25,293 - INFO - Processed In_Nepal__climate_change_threatens_honey_hunters__tradition___dw_com.txt with detected language: en
2025-05-01 22:36:25,316 - INFO - Processed Living_with_climate_change___Unicef.txt with detected language: en
2025-05-01 22:36:25,333 - INFO - Processed Migration__Environment_and_Climate_Change_Nexus_in_Nepal__Policy_Brief__EN_NE___.txt with detected language: en
2025-05-01 22:36:25,342 - INFO - Processed Nepal_National_Climate_Change_Policy_2019___PreventionWeb_net.txt with detected language: en
2025-05-01 22:36:25,352 - INFO - Processed Nepal_rains_intensified_by_human_induced_climate_change__scientists___National_H.txt with detected language: en
2025-05-01 22:36:25,387 - INFO - Processed Nepal_says_China_withholds__essential__info_on_bursting_Himalayan_glacial_lakes_.txt with detected language: en
2025-05-01 22:36:25,402 - INFO - Processed Nepal_s_deadly_floods_trigger_calls_for_climate_adaptation___Mongabay.txt with detected language: en
2025-05-01 22:36:25,407 - INFO - Processed Nepal_s_Mountain_Communities_Contemplate_the_End_of__Himalayan_Gold____The_Diplo.txt with detected language: en
2025-05-01 22:36:25,422 - INFO - Processed Nepal___Country_Climate_and_Development_Report___International_Finance_Corporati.txt with detected language: en
2025-05-01 22:36:25,445 - INFO - Processed Rapid_urbanisation_and_climate_change_key_drivers_of_dramatic_flood_impacts_in_N.txt with detected language: en
2025-05-01 22:36:25,462 - INFO - Processed Research_on_Human_Security_Centred_and_Gender_Responsive_Migration__Environment_.txt with detected language: en
2025-05-01 22:36:25,468 - INFO - Processed Rethinking_Climate_Finance_to_Work_for_Women_in_Nepal_s_Coffee_and_Pashmina_Valu.txt with detected language: en
2025-05-01 22:36:25,485 - INFO - Processed Silenced__Women_s_Many_Layered_Struggles_for_Climate_Justice_in_Nepal___Global_I.txt with detected language: en
2025-05-01 22:36:25,526 - INFO - Processed Strengthening_a_Climate_Smart__Green__and_Resilient_Education_System_in_Nepal___.txt with detected language: en
2025-05-01 22:36:25,552 - INFO - Processed The_era_of_climate_crisis_in_Nepal__A_call_for_urgent_action___CGIAR.txt with detected language: en
2025-05-01 22:36:25,557 - INFO - Processed United_In_the_Face_of_Disaster__Nepal_Navigates_Climate_Risks___United_Nations_S.txt with detected language: en
2025-05-01 22:36:25,582 - INFO - Processed Wildfires_are_raging_in_Nepal___climate_change_isn_t_the_only_culprit___Nature.txt with detected language: en
2025-05-01 22:36:25,604 - INFO - Processed _The_world_is_facing_a_child_rights_crisis____The_Himalayan_Times.txt with detected language: en
2025-05-01 22:36:25,612 - INFO - Processed _This_app_saved_my_farm___How_technology_is_helping_Nepali_farmers_fight_climate.txt with detected language: en
2025-05-01 22:36:25,613 - INFO - Cleaned language titles saved at D:\AI\assignment\Eighth Project\capstone-project-pikuz4m31\nlp\models\trained_model\language_model\detected_languages.txt
